<?xml version="1.0" encoding="UTF-8" ?>
<testsuite tests="11" failures="0" name="ec.edu.epn.proyecto.InformacionEmpleadoTest" time="0.182" errors="0" skipped="0">
  <properties>
[...]
</properties>
  <testcase classname="ec.edu.epn.proyecto.InformacionEmpleadoTest" name="given_value_discount_when_subtract_salary_then_ok" time="0"/>
  <testcase classname="ec.edu.epn.proyecto.InformacionEmpleadoTest" name="given_employee_when_print_information_then_ok" time="0"/>
  <testcase classname="ec.edu.epn.proyecto.InformacionEmpleadoTest" name="given_one_int_when_addition_salary_then_ok" time="0"/>
  <testcase classname="ec.edu.epn.proyecto.InformacionEmpleadoTest" name="given_service_when_add_then_ok" time="0"/>
  <testcase classname="ec.edu.epn.proyecto.InformacionEmpleadoTest" name="given_int_when_check_num_memo_then_timeout" time="0.056"/>
  <testcase classname="ec.edu.epn.proyecto.InformacionEmpleadoTest" name="given_int_when_check_num_memo_then_fired" time="0.062"/>
  <testcase classname="ec.edu.epn.proyecto.InformacionEmpleadoTest" name="given_services_when_count_then_ok" time="0"/>
  <testcase classname="ec.edu.epn.proyecto.InformacionEmpleadoTest" name="given_information_employee_when_print_information_then_ok" time="0.001"/>
  <testcase classname="ec.edu.epn.proyecto.InformacionEmpleadoTest" name="given_one_int_when_subtract_salary_then_ok" time="0"/>
  <testcase classname="ec.edu.epn.proyecto.InformacionEmpleadoTest" name="given_int_when_check_num_memo_then_ok" time="0.063"/>
  <testcase classname="ec.edu.epn.proyecto.InformacionEmpleadoTest" name="given_kind_when_modify_inf_then_ok" time="0"/>
</testsuite>